{"message":"Data required","level":"error"}
{"message":"No data","level":"error"}
{"message":"No data","level":"error"}
{"message":"No data","level":"error"}
{"message":"No data","level":"error"}
{"message":"No data","level":"error"}
{"message":"No data","level":"error"}
{"message":"Title is required","level":"error"}
{"message":"Title is required","level":"error"}
{"message":"Title is required","level":"error"}
{"message":"Url is required","level":"error"}
{"message":"Url is required","level":"error"}
{"message":"Bookmark with id 549da1f1-6a64-4d5f-b893-35393de2c4ea created","level":"info"}
{"message":"Bookmark with id 549da not found.","level":"error"}
{"message":"Bookmark with id 938475 deleted.","level":"info"}
{"message":"Bookmark with id b58826ec-417a-41a9-b961-296f068700f6 created","level":"info"}
{"message":"Bookmark with id b58826ec-417a-41a9-b961-296f068700f6 deleted.","level":"info"}
{"message":"Bookmark with id undefined deleted.","level":"info"}
{"message":"Bookmark with id undefined created","level":"info"}
{"message":"Bookmark with id undefined created","level":"info"}
{"message":"Bookmark with id undefined deleted.","level":"info"}
{"message":"Bookmark with id undefined deleted.","level":"info"}
{"message":"Bookmark with id undefined deleted.","level":"info"}
{"message":"Bookmark with id undefined created","level":"info"}
{"message":"Bookmark with id undefined deleted.","level":"info"}
{"message":"Bookmark with id undefined created","level":"info"}
{"message":"Bookmark with id undefined created","level":"info"}
{"message":"Bookmark with id undefined created","level":"info"}
{"message":"Bookmark with id undefined created","level":"info"}
{"message":"Bookmark with id undefined deleted.","level":"info"}
{"message":"Bookmark with id undefined deleted.","level":"info"}
{"message":"Bookmark with id undefined deleted.","level":"info"}
{"message":"Bookmark with id undefined deleted.","level":"info"}
{"message":"Bookmark with id [{\"id\":15,\"title\":\"You\",\"description\":\"\",\"rating\":4,\"url\":\"you.com\"}] created","level":"info"}
{"message":"Bookmark with id undefined created","level":"info"}
{"message":"Bookmark with id undefined created","level":"info"}
{"message":"Bookmark with id [{\"id\":20,\"title\":\"You\",\"description\":\"\",\"rating\":4,\"url\":\"you.com\"}] created","level":"info"}
{"message":"Bookmark with id undefined created","level":"info"}
{"message":"Bookmark with id [object Object] created","level":"info"}
